[20:30:21.552] Global cache location '/Users/diasbruno/Library/Caches/typescript/4.2', safe file path '/users/diasbruno/.emacs.d/.cache/lsp/npm/typescript/lib/node_modules/typescript/lib/typingsafelist.json', types map path /users/diasbruno/.emacs.d/.cache/lsp/npm/typescript/lib/node_modules/typescript/lib/typesmap.json
[20:30:21.555] Processing cache location '/Users/diasbruno/Library/Caches/typescript/4.2'
[20:30:21.555] Trying to find '/Users/diasbruno/Library/Caches/typescript/4.2/package.json'...
[20:30:21.557] Loaded content of '/Users/diasbruno/Library/Caches/typescript/4.2/package.json': {"private":true,"dependencies":{"types-registry":"^0.1.541"},"devDependencies":{"@types/brace-expansion":"^1.1.0","@types/d":"^1.0.0","@types/exenv":"^1.2.0","@types/lodash.get":"^4.4.6","@types/lolex":"^5.1.0","@types/minimatch":"^3.0.4","@types/nise":"^1.4.0","@types/node":"^15.3.0","@types/object-assign":"^4.0.30","@types/prop-types":"^15.7.3","@types/react":"^17.0.5","@types/react-dom":"^17.0.5","@types/react-is":"^17.0.0","@types/react-lifecycles-compat":"^3.0.1","@types/react-modal":"^3.12.0","@types/scheduler":"^0.16.1","@types/sinon":"^10.0.0","@types/warning":"^3.0.0"}}
[20:30:21.557] Loaded content of '/Users/diasbruno/Library/Caches/typescript/4.2/package-lock.json'
[20:30:21.571] Adding entry into typings cache: 'brace-expansion' => '/Users/diasbruno/Library/Caches/typescript/4.2/node_modules/@types/brace-expansion/index.d.ts'
[20:30:21.576] Adding entry into typings cache: 'd' => '/Users/diasbruno/Library/Caches/typescript/4.2/node_modules/@types/d/index.d.ts'
[20:30:21.579] Adding entry into typings cache: 'exenv' => '/Users/diasbruno/Library/Caches/typescript/4.2/node_modules/@types/exenv/index.d.ts'
[20:30:21.583] Adding entry into typings cache: 'lodash.get' => '/Users/diasbruno/Library/Caches/typescript/4.2/node_modules/@types/lodash.get/index.d.ts'
[20:30:21.590] Adding entry into typings cache: 'lolex' => '/Users/diasbruno/Library/Caches/typescript/4.2/node_modules/@types/lolex/index.d.ts'
[20:30:21.594] Adding entry into typings cache: 'minimatch' => '/Users/diasbruno/Library/Caches/typescript/4.2/node_modules/@types/minimatch/index.d.ts'
[20:30:21.597] Adding entry into typings cache: 'nise' => '/Users/diasbruno/Library/Caches/typescript/4.2/node_modules/@types/nise/index.d.ts'
[20:30:21.607] Adding entry into typings cache: 'node' => '/Users/diasbruno/Library/Caches/typescript/4.2/node_modules/@types/node/index.d.ts'
[20:30:21.610] Adding entry into typings cache: 'object-assign' => '/Users/diasbruno/Library/Caches/typescript/4.2/node_modules/@types/object-assign/index.d.ts'
[20:30:21.614] Adding entry into typings cache: 'prop-types' => '/Users/diasbruno/Library/Caches/typescript/4.2/node_modules/@types/prop-types/index.d.ts'
[20:30:21.618] Adding entry into typings cache: 'react' => '/Users/diasbruno/Library/Caches/typescript/4.2/node_modules/@types/react/index.d.ts'
[20:30:21.621] Adding entry into typings cache: 'react-dom' => '/Users/diasbruno/Library/Caches/typescript/4.2/node_modules/@types/react-dom/index.d.ts'
[20:30:21.623] Adding entry into typings cache: 'react-is' => '/Users/diasbruno/Library/Caches/typescript/4.2/node_modules/@types/react-is/index.d.ts'
[20:30:21.626] Adding entry into typings cache: 'react-lifecycles-compat' => '/Users/diasbruno/Library/Caches/typescript/4.2/node_modules/@types/react-lifecycles-compat/index.d.ts'
[20:30:21.629] Adding entry into typings cache: 'react-modal' => '/Users/diasbruno/Library/Caches/typescript/4.2/node_modules/@types/react-modal/index.d.ts'
[20:30:21.632] Adding entry into typings cache: 'scheduler' => '/Users/diasbruno/Library/Caches/typescript/4.2/node_modules/@types/scheduler/index.d.ts'
[20:30:21.634] Adding entry into typings cache: 'sinon' => '/Users/diasbruno/Library/Caches/typescript/4.2/node_modules/@types/sinon/index.d.ts'
[20:30:21.638] Adding entry into typings cache: 'warning' => '/Users/diasbruno/Library/Caches/typescript/4.2/node_modules/@types/warning/index.d.ts'
[20:30:21.638] Finished processing cache location '/Users/diasbruno/Library/Caches/typescript/4.2'
[20:30:21.639] Process id: 28129
[20:30:21.639] NPM location: /nix/store/lnfcmzafcsnv7jwk1zpvqhs8rzfq8xqg-nodejs-14.16.1/bin/npm (explicit '--npmLocation' not  provided)
[20:30:21.639] validateDefaultNpmLocation: false
[20:30:21.640] Npm config file: /Users/diasbruno/Library/Caches/typescript/4.2/package.json
[20:30:21.640] Updating types-registry npm package...
[20:30:21.640] Exec: /nix/store/lnfcmzafcsnv7jwk1zpvqhs8rzfq8xqg-nodejs-14.16.1/bin/npm install --ignore-scripts types-registry@latest
[20:30:23.453]     Succeeded. stdout:
    + types-registry@0.1.541
    updated 1 package and audited 25 packages in 0.952s
found 0 vulnerabilities


[20:30:23.454] Updated types-registry npm package
[20:30:24.054] Got install request {"projectName":"/dev/null/inferredProject1*","fileNames":["/Users/diasbruno/.emacs.d/.cache/lsp/npm/typescript/lib/node_modules/typescript/lib/lib.es5.d.ts","/Users/diasbruno/.emacs.d/.cache/lsp/npm/typescript/lib/node_modules/typescript/lib/lib.es2015.d.ts","/Users/diasbruno/.emacs.d/.cache/lsp/npm/typescript/lib/node_modules/typescript/lib/lib.es2016.d.ts","/Users/diasbruno/.emacs.d/.cache/lsp/npm/typescript/lib/node_modules/typescript/lib/lib.dom.d.ts","/Users/diasbruno/.emacs.d/.cache/lsp/npm/typescript/lib/node_modules/typescript/lib/lib.dom.iterable.d.ts","/Users/diasbruno/.emacs.d/.cache/lsp/npm/typescript/lib/node_modules/typescript/lib/lib.webworker.importscripts.d.ts","/Users/diasbruno/.emacs.d/.cache/lsp/npm/typescript/lib/node_modules/typescript/lib/lib.scripthost.d.ts","/Users/diasbruno/.emacs.d/.cache/lsp/npm/typescript/lib/node_modules/typescript/lib/lib.es2015.core.d.ts","/Users/diasbruno/.emacs.d/.cache/lsp/npm/typescript/lib/node_modules/typescript/lib/lib.es2015.collection.d.ts","/Users/diasbruno/.emacs.d/.cache/lsp/npm/typescript/lib/node_modules/typescript/lib/lib.es2015.generator.d.ts","/Users/diasbruno/.emacs.d/.cache/lsp/npm/typescript/lib/node_modules/typescript/lib/lib.es2015.iterable.d.ts","/Users/diasbruno/.emacs.d/.cache/lsp/npm/typescript/lib/node_modules/typescript/lib/lib.es2015.promise.d.ts","/Users/diasbruno/.emacs.d/.cache/lsp/npm/typescript/lib/node_modules/typescript/lib/lib.es2015.proxy.d.ts","/Users/diasbruno/.emacs.d/.cache/lsp/npm/typescript/lib/node_modules/typescript/lib/lib.es2015.reflect.d.ts","/Users/diasbruno/.emacs.d/.cache/lsp/npm/typescript/lib/node_modules/typescript/lib/lib.es2015.symbol.d.ts","/Users/diasbruno/.emacs.d/.cache/lsp/npm/typescript/lib/node_modules/typescript/lib/lib.es2015.symbol.wellknown.d.ts","/Users/diasbruno/.emacs.d/.cache/lsp/npm/typescript/lib/node_modules/typescript/lib/lib.es2016.array.include.d.ts","/Users/diasbruno/.emacs.d/.cache/lsp/npm/typescript/lib/node_modules/typescript/lib/lib.es2016.full.d.ts","/usr/local/src/react-modal/src/helpers/tabbable.js","/usr/local/src/react-modal/src/helpers/focusManager.js","/usr/local/src/react-modal/src/helpers/scopeTab.js","/usr/local/src/react-modal/src/helpers/safeHTMLElement.js","/usr/local/src/react-modal/src/helpers/ariaAppHider.js","/usr/local/src/react-modal/src/helpers/classList.js","/usr/local/src/react-modal/src/helpers/portalOpenInstances.js","/usr/local/src/react-modal/src/helpers/bodyTrap.js","/usr/local/src/react-modal/src/components/ModalPortal.js","/usr/local/src/react-modal/src/components/Modal.js","/usr/local/src/react-modal/specs/helper.js","/usr/local/src/react-modal/specs/Modal.events.spec.js"],"compilerOptions":{"module":1,"target":3,"jsx":1,"allowJs":true,"allowSyntheticDefaultImports":true,"allowNonTsExtensions":true,"noEmitForJsFiles":true,"maxNodeModuleJsDepth":2},"typeAcquisition":{"enable":true,"include":[],"exclude":[]},"unresolvedImports":[],"projectRootPath":"/usr/local/src/react-modal/specs","kind":"discover"}
[20:30:24.080] Loaded safelist from types map file '/users/diasbruno/.emacs.d/.cache/lsp/npm/typescript/lib/node_modules/typescript/lib/typesmap.json'
[20:30:24.082] Explicitly included types: []
[20:30:24.084] Inferred typings from unresolved imports: []
[20:30:24.084] Result: {"cachedTypingPaths":[],"newTypingNames":[],"filesToWatch":["/usr/local/src/react-modal/src/helpers/bower_components","/usr/local/src/react-modal/src/helpers/node_modules","/usr/local/src/react-modal/src/components/bower_components","/usr/local/src/react-modal/src/components/node_modules","/usr/local/src/react-modal/specs/bower_components","/usr/local/src/react-modal/specs/node_modules"]}
[20:30:24.084] Finished typings discovery: {"cachedTypingPaths":[],"newTypingNames":[],"filesToWatch":["/usr/local/src/react-modal/src/helpers/bower_components","/usr/local/src/react-modal/src/helpers/node_modules","/usr/local/src/react-modal/src/components/bower_components","/usr/local/src/react-modal/src/components/node_modules","/usr/local/src/react-modal/specs/bower_components","/usr/local/src/react-modal/specs/node_modules"]}
[20:30:24.085] DirectoryWatcher:: Added:: WatchInfo: /usr/local/src/react-modal/src/helpers/bower_components
[20:30:24.086] DirectoryWatcher:: Added:: WatchInfo: /usr/local/src/react-modal/src/helpers/bower_components 1 undefined Project: /dev/null/inferredProject1* watcher already invoked: false
[20:30:24.090] Elapsed:: 4.4382399916648865ms DirectoryWatcher:: Added:: WatchInfo: /usr/local/src/react-modal/src/helpers/bower_components 1 undefined Project: /dev/null/inferredProject1* watcher already invoked: false
[20:30:24.091] DirectoryWatcher:: Added:: WatchInfo: /usr/local/src/react-modal/src/helpers/node_modules
[20:30:24.091] DirectoryWatcher:: Added:: WatchInfo: /usr/local/src/react-modal/src/helpers/node_modules 1 undefined Project: /dev/null/inferredProject1* watcher already invoked: false
[20:30:24.091] Elapsed:: 0.16435399651527405ms DirectoryWatcher:: Added:: WatchInfo: /usr/local/src/react-modal/src/helpers/node_modules 1 undefined Project: /dev/null/inferredProject1* watcher already invoked: false
[20:30:24.092] DirectoryWatcher:: Added:: WatchInfo: /usr/local/src/react-modal/src/components/bower_components
[20:30:24.092] DirectoryWatcher:: Added:: WatchInfo: /usr/local/src/react-modal/src/components/bower_components 1 undefined Project: /dev/null/inferredProject1* watcher already invoked: false
[20:30:24.092] Elapsed:: 0.21012499928474426ms DirectoryWatcher:: Added:: WatchInfo: /usr/local/src/react-modal/src/components/bower_components 1 undefined Project: /dev/null/inferredProject1* watcher already invoked: false
[20:30:24.092] DirectoryWatcher:: Added:: WatchInfo: /usr/local/src/react-modal/src/components/node_modules
[20:30:24.093] DirectoryWatcher:: Added:: WatchInfo: /usr/local/src/react-modal/src/components/node_modules 1 undefined Project: /dev/null/inferredProject1* watcher already invoked: false
[20:30:24.093] Elapsed:: 0.14466500282287598ms DirectoryWatcher:: Added:: WatchInfo: /usr/local/src/react-modal/src/components/node_modules 1 undefined Project: /dev/null/inferredProject1* watcher already invoked: false
[20:30:24.093] DirectoryWatcher:: Added:: WatchInfo: /usr/local/src/react-modal/specs/bower_components
[20:30:24.093] DirectoryWatcher:: Added:: WatchInfo: /usr/local/src/react-modal/specs/bower_components 1 undefined Project: /dev/null/inferredProject1* watcher already invoked: false
[20:30:24.093] Elapsed:: 0.13554999232292175ms DirectoryWatcher:: Added:: WatchInfo: /usr/local/src/react-modal/specs/bower_components 1 undefined Project: /dev/null/inferredProject1* watcher already invoked: false
[20:30:24.094] DirectoryWatcher:: Added:: WatchInfo: /usr/local/src/react-modal/specs/node_modules
[20:30:24.094] DirectoryWatcher:: Added:: WatchInfo: /usr/local/src/react-modal/specs/node_modules 1 undefined Project: /dev/null/inferredProject1* watcher already invoked: false
[20:30:24.095] Elapsed:: 0.20177200436592102ms DirectoryWatcher:: Added:: WatchInfo: /usr/local/src/react-modal/specs/node_modules 1 undefined Project: /dev/null/inferredProject1* watcher already invoked: false
[20:30:24.095] Sending response:
    {"projectName":"/dev/null/inferredProject1*","typeAcquisition":{"enable":true,"include":[],"exclude":[]},"compilerOptions":{"module":1,"target":3,"jsx":1,"allowJs":true,"allowSyntheticDefaultImports":true,"allowNonTsExtensions":true,"noEmitForJsFiles":true,"maxNodeModuleJsDepth":2},"typings":[],"unresolvedImports":[],"kind":"action::set"}
[20:30:24.096] Response has been sent.
[20:30:24.096] No new typings were requested as a result of typings discovery
[20:50:30.241] Got install request {"projectName":"/dev/null/inferredProject2*","fileNames":["/Users/diasbruno/.emacs.d/.cache/lsp/npm/typescript/lib/node_modules/typescript/lib/lib.es5.d.ts","/Users/diasbruno/.emacs.d/.cache/lsp/npm/typescript/lib/node_modules/typescript/lib/lib.es2015.d.ts","/Users/diasbruno/.emacs.d/.cache/lsp/npm/typescript/lib/node_modules/typescript/lib/lib.es2016.d.ts","/Users/diasbruno/.emacs.d/.cache/lsp/npm/typescript/lib/node_modules/typescript/lib/lib.dom.d.ts","/Users/diasbruno/.emacs.d/.cache/lsp/npm/typescript/lib/node_modules/typescript/lib/lib.dom.iterable.d.ts","/Users/diasbruno/.emacs.d/.cache/lsp/npm/typescript/lib/node_modules/typescript/lib/lib.webworker.importscripts.d.ts","/Users/diasbruno/.emacs.d/.cache/lsp/npm/typescript/lib/node_modules/typescript/lib/lib.scripthost.d.ts","/Users/diasbruno/.emacs.d/.cache/lsp/npm/typescript/lib/node_modules/typescript/lib/lib.es2015.core.d.ts","/Users/diasbruno/.emacs.d/.cache/lsp/npm/typescript/lib/node_modules/typescript/lib/lib.es2015.collection.d.ts","/Users/diasbruno/.emacs.d/.cache/lsp/npm/typescript/lib/node_modules/typescript/lib/lib.es2015.generator.d.ts","/Users/diasbruno/.emacs.d/.cache/lsp/npm/typescript/lib/node_modules/typescript/lib/lib.es2015.iterable.d.ts","/Users/diasbruno/.emacs.d/.cache/lsp/npm/typescript/lib/node_modules/typescript/lib/lib.es2015.promise.d.ts","/Users/diasbruno/.emacs.d/.cache/lsp/npm/typescript/lib/node_modules/typescript/lib/lib.es2015.proxy.d.ts","/Users/diasbruno/.emacs.d/.cache/lsp/npm/typescript/lib/node_modules/typescript/lib/lib.es2015.reflect.d.ts","/Users/diasbruno/.emacs.d/.cache/lsp/npm/typescript/lib/node_modules/typescript/lib/lib.es2015.symbol.d.ts","/Users/diasbruno/.emacs.d/.cache/lsp/npm/typescript/lib/node_modules/typescript/lib/lib.es2015.symbol.wellknown.d.ts","/Users/diasbruno/.emacs.d/.cache/lsp/npm/typescript/lib/node_modules/typescript/lib/lib.es2016.array.include.d.ts","/Users/diasbruno/.emacs.d/.cache/lsp/npm/typescript/lib/node_modules/typescript/lib/lib.es2016.full.d.ts","/usr/local/src/react-modal/src/helpers/tabbable.js","/usr/local/src/react-modal/src/helpers/focusManager.js","/usr/local/src/react-modal/src/helpers/scopeTab.js","/usr/local/src/react-modal/src/helpers/safeHTMLElement.js","/usr/local/src/react-modal/src/helpers/ariaAppHider.js","/usr/local/src/react-modal/src/helpers/classList.js","/usr/local/src/react-modal/src/helpers/portalOpenInstances.js","/usr/local/src/react-modal/src/helpers/bodyTrap.js","/usr/local/src/react-modal/src/components/ModalPortal.js","/usr/local/src/react-modal/src/components/Modal.js","/usr/local/src/react-modal/specs/helper.js","/usr/local/src/react-modal/specs/Modal.spec.js"],"compilerOptions":{"module":1,"target":3,"jsx":1,"allowJs":true,"allowSyntheticDefaultImports":true,"allowNonTsExtensions":true,"noEmitForJsFiles":true,"maxNodeModuleJsDepth":2},"typeAcquisition":{"enable":true,"include":[],"exclude":[]},"unresolvedImports":["react-modal"],"projectRootPath":"/usr/local/src/react-modal/specs","kind":"discover"}
[20:50:30.242] Explicitly included types: []
[20:50:30.246] Inferred typings from unresolved imports: ["react-modal"]
[20:50:30.246] Result: {"cachedTypingPaths":["/Users/diasbruno/Library/Caches/typescript/4.2/node_modules/@types/react-modal/index.d.ts"],"newTypingNames":[],"filesToWatch":["/usr/local/src/react-modal/src/helpers/bower_components","/usr/local/src/react-modal/src/helpers/node_modules","/usr/local/src/react-modal/src/components/bower_components","/usr/local/src/react-modal/src/components/node_modules","/usr/local/src/react-modal/specs/bower_components","/usr/local/src/react-modal/specs/node_modules"]}
[20:50:30.246] Finished typings discovery: {"cachedTypingPaths":["/Users/diasbruno/Library/Caches/typescript/4.2/node_modules/@types/react-modal/index.d.ts"],"newTypingNames":[],"filesToWatch":["/usr/local/src/react-modal/src/helpers/bower_components","/usr/local/src/react-modal/src/helpers/node_modules","/usr/local/src/react-modal/src/components/bower_components","/usr/local/src/react-modal/src/components/node_modules","/usr/local/src/react-modal/specs/bower_components","/usr/local/src/react-modal/specs/node_modules"]}
[20:50:30.247] DirectoryWatcher:: Added:: WatchInfo: /usr/local/src/react-modal/src/helpers/bower_components
[20:50:30.247] DirectoryWatcher:: Added:: WatchInfo: /usr/local/src/react-modal/src/helpers/bower_components 1 undefined Project: /dev/null/inferredProject2* watcher already invoked: false
[20:50:30.247] Elapsed:: 0.11894398927688599ms DirectoryWatcher:: Added:: WatchInfo: /usr/local/src/react-modal/src/helpers/bower_components 1 undefined Project: /dev/null/inferredProject2* watcher already invoked: false
[20:50:30.247] DirectoryWatcher:: Added:: WatchInfo: /usr/local/src/react-modal/src/helpers/node_modules
[20:50:30.248] DirectoryWatcher:: Added:: WatchInfo: /usr/local/src/react-modal/src/helpers/node_modules 1 undefined Project: /dev/null/inferredProject2* watcher already invoked: false
[20:50:30.249] Elapsed:: 0.12288302183151245ms DirectoryWatcher:: Added:: WatchInfo: /usr/local/src/react-modal/src/helpers/node_modules 1 undefined Project: /dev/null/inferredProject2* watcher already invoked: false
[20:50:30.249] DirectoryWatcher:: Added:: WatchInfo: /usr/local/src/react-modal/src/components/bower_components
[20:50:30.249] DirectoryWatcher:: Added:: WatchInfo: /usr/local/src/react-modal/src/components/bower_components 1 undefined Project: /dev/null/inferredProject2* watcher already invoked: false
[20:50:30.249] Elapsed:: 0.09933501482009888ms DirectoryWatcher:: Added:: WatchInfo: /usr/local/src/react-modal/src/components/bower_components 1 undefined Project: /dev/null/inferredProject2* watcher already invoked: false
[20:50:30.250] DirectoryWatcher:: Added:: WatchInfo: /usr/local/src/react-modal/src/components/node_modules
[20:50:30.250] DirectoryWatcher:: Added:: WatchInfo: /usr/local/src/react-modal/src/components/node_modules 1 undefined Project: /dev/null/inferredProject2* watcher already invoked: false
[20:50:30.250] Elapsed:: 0.14720699191093445ms DirectoryWatcher:: Added:: WatchInfo: /usr/local/src/react-modal/src/components/node_modules 1 undefined Project: /dev/null/inferredProject2* watcher already invoked: false
[20:50:30.250] DirectoryWatcher:: Added:: WatchInfo: /usr/local/src/react-modal/specs/bower_components
[20:50:30.251] DirectoryWatcher:: Added:: WatchInfo: /usr/local/src/react-modal/specs/bower_components 1 undefined Project: /dev/null/inferredProject2* watcher already invoked: false
[20:50:30.251] Elapsed:: 0.13086000084877014ms DirectoryWatcher:: Added:: WatchInfo: /usr/local/src/react-modal/specs/bower_components 1 undefined Project: /dev/null/inferredProject2* watcher already invoked: false
[20:50:30.251] DirectoryWatcher:: Added:: WatchInfo: /usr/local/src/react-modal/specs/node_modules
[20:50:30.251] DirectoryWatcher:: Added:: WatchInfo: /usr/local/src/react-modal/specs/node_modules 1 undefined Project: /dev/null/inferredProject2* watcher already invoked: false
[20:50:30.252] Elapsed:: 0.1500920057296753ms DirectoryWatcher:: Added:: WatchInfo: /usr/local/src/react-modal/specs/node_modules 1 undefined Project: /dev/null/inferredProject2* watcher already invoked: false
[20:50:30.252] Sending response:
    {"projectName":"/dev/null/inferredProject2*","typeAcquisition":{"enable":true,"include":[],"exclude":[]},"compilerOptions":{"module":1,"target":3,"jsx":1,"allowJs":true,"allowSyntheticDefaultImports":true,"allowNonTsExtensions":true,"noEmitForJsFiles":true,"maxNodeModuleJsDepth":2},"typings":["/Users/diasbruno/Library/Caches/typescript/4.2/node_modules/@types/react-modal/index.d.ts"],"unresolvedImports":["react-modal"],"kind":"action::set"}
[20:50:30.252] Response has been sent.
[20:50:30.252] No new typings were requested as a result of typings discovery
[21:08:31.182] Got install request {"projectName":"/dev/null/inferredProject1*","fileNames":["/Users/diasbruno/.emacs.d/.cache/lsp/npm/typescript/lib/node_modules/typescript/lib/lib.es5.d.ts","/Users/diasbruno/.emacs.d/.cache/lsp/npm/typescript/lib/node_modules/typescript/lib/lib.es2015.d.ts","/Users/diasbruno/.emacs.d/.cache/lsp/npm/typescript/lib/node_modules/typescript/lib/lib.es2016.d.ts","/Users/diasbruno/.emacs.d/.cache/lsp/npm/typescript/lib/node_modules/typescript/lib/lib.dom.d.ts","/Users/diasbruno/.emacs.d/.cache/lsp/npm/typescript/lib/node_modules/typescript/lib/lib.dom.iterable.d.ts","/Users/diasbruno/.emacs.d/.cache/lsp/npm/typescript/lib/node_modules/typescript/lib/lib.webworker.importscripts.d.ts","/Users/diasbruno/.emacs.d/.cache/lsp/npm/typescript/lib/node_modules/typescript/lib/lib.scripthost.d.ts","/Users/diasbruno/.emacs.d/.cache/lsp/npm/typescript/lib/node_modules/typescript/lib/lib.es2015.core.d.ts","/Users/diasbruno/.emacs.d/.cache/lsp/npm/typescript/lib/node_modules/typescript/lib/lib.es2015.collection.d.ts","/Users/diasbruno/.emacs.d/.cache/lsp/npm/typescript/lib/node_modules/typescript/lib/lib.es2015.generator.d.ts","/Users/diasbruno/.emacs.d/.cache/lsp/npm/typescript/lib/node_modules/typescript/lib/lib.es2015.iterable.d.ts","/Users/diasbruno/.emacs.d/.cache/lsp/npm/typescript/lib/node_modules/typescript/lib/lib.es2015.promise.d.ts","/Users/diasbruno/.emacs.d/.cache/lsp/npm/typescript/lib/node_modules/typescript/lib/lib.es2015.proxy.d.ts","/Users/diasbruno/.emacs.d/.cache/lsp/npm/typescript/lib/node_modules/typescript/lib/lib.es2015.reflect.d.ts","/Users/diasbruno/.emacs.d/.cache/lsp/npm/typescript/lib/node_modules/typescript/lib/lib.es2015.symbol.d.ts","/Users/diasbruno/.emacs.d/.cache/lsp/npm/typescript/lib/node_modules/typescript/lib/lib.es2015.symbol.wellknown.d.ts","/Users/diasbruno/.emacs.d/.cache/lsp/npm/typescript/lib/node_modules/typescript/lib/lib.es2016.array.include.d.ts","/Users/diasbruno/.emacs.d/.cache/lsp/npm/typescript/lib/node_modules/typescript/lib/lib.es2016.full.d.ts","/usr/local/src/react-modal/src/helpers/tabbable.js","/usr/local/src/react-modal/src/helpers/focusManager.js","/usr/local/src/react-modal/src/helpers/scopeTab.js","/usr/local/src/react-modal/src/helpers/safeHTMLElement.js","/usr/local/src/react-modal/src/helpers/ariaAppHider.js","/usr/local/src/react-modal/src/helpers/classList.js","/usr/local/src/react-modal/src/helpers/portalOpenInstances.js","/usr/local/src/react-modal/src/helpers/bodyTrap.js","/usr/local/src/react-modal/src/components/ModalPortal.js","/usr/local/src/react-modal/src/components/Modal.js","/usr/local/src/react-modal/specs/helper.js","/usr/local/src/react-modal/specs/Modal.events.spec.js"],"compilerOptions":{"module":1,"target":3,"jsx":1,"allowJs":true,"allowSyntheticDefaultImports":true,"allowNonTsExtensions":true,"noEmitForJsFiles":true,"maxNodeModuleJsDepth":2},"typeAcquisition":{"enable":true,"include":[],"exclude":[]},"unresolvedImports":["react-"],"projectRootPath":"/usr/local/src/react-modal/specs","kind":"discover"}
[21:08:31.187] Explicitly included types: []
[21:08:31.188] Inferred typings from unresolved imports: ["react-"]
[21:08:31.188] Result: {"cachedTypingPaths":[],"newTypingNames":["react-"],"filesToWatch":["/usr/local/src/react-modal/src/helpers/bower_components","/usr/local/src/react-modal/src/helpers/node_modules","/usr/local/src/react-modal/src/components/bower_components","/usr/local/src/react-modal/src/components/node_modules","/usr/local/src/react-modal/specs/bower_components","/usr/local/src/react-modal/specs/node_modules"]}
[21:08:31.188] Finished typings discovery: {"cachedTypingPaths":[],"newTypingNames":["react-"],"filesToWatch":["/usr/local/src/react-modal/src/helpers/bower_components","/usr/local/src/react-modal/src/helpers/node_modules","/usr/local/src/react-modal/src/components/bower_components","/usr/local/src/react-modal/src/components/node_modules","/usr/local/src/react-modal/specs/bower_components","/usr/local/src/react-modal/specs/node_modules"]}
[21:08:31.189] Installing typings ["react-"]
[21:08:31.189] 'react-':: Entry for package 'react-' does not exist in local types registry - skipping...
[21:08:31.190] All typings are known to be missing or invalid - no need to install more typings
[21:08:31.190] Sending response:
    {"projectName":"/dev/null/inferredProject1*","typeAcquisition":{"enable":true,"include":[],"exclude":[]},"compilerOptions":{"module":1,"target":3,"jsx":1,"allowJs":true,"allowSyntheticDefaultImports":true,"allowNonTsExtensions":true,"noEmitForJsFiles":true,"maxNodeModuleJsDepth":2},"typings":[],"unresolvedImports":["react-"],"kind":"action::set"}
[21:08:31.190] Response has been sent.
[21:08:31.686] Got install request {"projectName":"/dev/null/inferredProject1*","fileNames":["/Users/diasbruno/.emacs.d/.cache/lsp/npm/typescript/lib/node_modules/typescript/lib/lib.es5.d.ts","/Users/diasbruno/.emacs.d/.cache/lsp/npm/typescript/lib/node_modules/typescript/lib/lib.es2015.d.ts","/Users/diasbruno/.emacs.d/.cache/lsp/npm/typescript/lib/node_modules/typescript/lib/lib.es2016.d.ts","/Users/diasbruno/.emacs.d/.cache/lsp/npm/typescript/lib/node_modules/typescript/lib/lib.dom.d.ts","/Users/diasbruno/.emacs.d/.cache/lsp/npm/typescript/lib/node_modules/typescript/lib/lib.dom.iterable.d.ts","/Users/diasbruno/.emacs.d/.cache/lsp/npm/typescript/lib/node_modules/typescript/lib/lib.webworker.importscripts.d.ts","/Users/diasbruno/.emacs.d/.cache/lsp/npm/typescript/lib/node_modules/typescript/lib/lib.scripthost.d.ts","/Users/diasbruno/.emacs.d/.cache/lsp/npm/typescript/lib/node_modules/typescript/lib/lib.es2015.core.d.ts","/Users/diasbruno/.emacs.d/.cache/lsp/npm/typescript/lib/node_modules/typescript/lib/lib.es2015.collection.d.ts","/Users/diasbruno/.emacs.d/.cache/lsp/npm/typescript/lib/node_modules/typescript/lib/lib.es2015.generator.d.ts","/Users/diasbruno/.emacs.d/.cache/lsp/npm/typescript/lib/node_modules/typescript/lib/lib.es2015.iterable.d.ts","/Users/diasbruno/.emacs.d/.cache/lsp/npm/typescript/lib/node_modules/typescript/lib/lib.es2015.promise.d.ts","/Users/diasbruno/.emacs.d/.cache/lsp/npm/typescript/lib/node_modules/typescript/lib/lib.es2015.proxy.d.ts","/Users/diasbruno/.emacs.d/.cache/lsp/npm/typescript/lib/node_modules/typescript/lib/lib.es2015.reflect.d.ts","/Users/diasbruno/.emacs.d/.cache/lsp/npm/typescript/lib/node_modules/typescript/lib/lib.es2015.symbol.d.ts","/Users/diasbruno/.emacs.d/.cache/lsp/npm/typescript/lib/node_modules/typescript/lib/lib.es2015.symbol.wellknown.d.ts","/Users/diasbruno/.emacs.d/.cache/lsp/npm/typescript/lib/node_modules/typescript/lib/lib.es2016.array.include.d.ts","/Users/diasbruno/.emacs.d/.cache/lsp/npm/typescript/lib/node_modules/typescript/lib/lib.es2016.full.d.ts","/usr/local/src/react-modal/src/helpers/tabbable.js","/usr/local/src/react-modal/src/helpers/focusManager.js","/usr/local/src/react-modal/src/helpers/scopeTab.js","/usr/local/src/react-modal/src/helpers/safeHTMLElement.js","/usr/local/src/react-modal/src/helpers/ariaAppHider.js","/usr/local/src/react-modal/src/helpers/classList.js","/usr/local/src/react-modal/src/helpers/portalOpenInstances.js","/usr/local/src/react-modal/src/helpers/bodyTrap.js","/usr/local/src/react-modal/src/components/ModalPortal.js","/usr/local/src/react-modal/src/components/Modal.js","/usr/local/src/react-modal/specs/helper.js","/usr/local/src/react-modal/specs/Modal.events.spec.js"],"compilerOptions":{"module":1,"target":3,"jsx":1,"allowJs":true,"allowSyntheticDefaultImports":true,"allowNonTsExtensions":true,"noEmitForJsFiles":true,"maxNodeModuleJsDepth":2},"typeAcquisition":{"enable":true,"include":[],"exclude":[]},"unresolvedImports":[],"projectRootPath":"/usr/local/src/react-modal/specs","kind":"discover"}
[21:08:31.686] Explicitly included types: []
[21:08:31.688] Inferred typings from unresolved imports: []
[21:08:31.688] Result: {"cachedTypingPaths":[],"newTypingNames":[],"filesToWatch":["/usr/local/src/react-modal/src/helpers/bower_components","/usr/local/src/react-modal/src/helpers/node_modules","/usr/local/src/react-modal/src/components/bower_components","/usr/local/src/react-modal/src/components/node_modules","/usr/local/src/react-modal/specs/bower_components","/usr/local/src/react-modal/specs/node_modules"]}
[21:08:31.689] Finished typings discovery: {"cachedTypingPaths":[],"newTypingNames":[],"filesToWatch":["/usr/local/src/react-modal/src/helpers/bower_components","/usr/local/src/react-modal/src/helpers/node_modules","/usr/local/src/react-modal/src/components/bower_components","/usr/local/src/react-modal/src/components/node_modules","/usr/local/src/react-modal/specs/bower_components","/usr/local/src/react-modal/specs/node_modules"]}
[21:08:31.689] Sending response:
    {"projectName":"/dev/null/inferredProject1*","typeAcquisition":{"enable":true,"include":[],"exclude":[]},"compilerOptions":{"module":1,"target":3,"jsx":1,"allowJs":true,"allowSyntheticDefaultImports":true,"allowNonTsExtensions":true,"noEmitForJsFiles":true,"maxNodeModuleJsDepth":2},"typings":[],"unresolvedImports":[],"kind":"action::set"}
[21:08:31.690] Response has been sent.
[21:08:31.690] No new typings were requested as a result of typings discovery
